2024-12-16 16:51:36,204 - INFO - Logging setup complete. Log file: c:\Users\jakeb\VSCODE\FreshTok\imgflip\logs\scraper_20241216_165136.log
2024-12-16 16:51:37,918 - INFO - Chrome WebDriver setup complete with SSL and stability fixes
2024-12-16 16:51:40,925 - INFO - Fetching template listing page 1 (Attempt 1/3)
2024-12-16 16:51:41,214 - INFO - Found 40 templates on page 1
2024-12-16 16:51:41,215 - INFO - Found 40 templates on page 1
2024-12-16 16:51:47,229 - INFO - Fetching template listing page 2 (Attempt 1/3)
2024-12-16 16:51:47,510 - INFO - Found 40 templates on page 2
2024-12-16 16:51:47,510 - INFO - Found 40 templates on page 2
2024-12-16 16:51:53,524 - INFO - Fetching template listing page 3 (Attempt 1/3)
2024-12-16 16:51:53,848 - INFO - Found 40 templates on page 3
2024-12-16 16:51:53,848 - INFO - Found 40 templates on page 3
2024-12-16 16:51:59,858 - INFO - Fetching template listing page 4 (Attempt 1/3)
2024-12-16 16:52:00,265 - INFO - Found 40 templates on page 4
2024-12-16 16:52:00,265 - INFO - Found 40 templates on page 4
2024-12-16 16:52:06,290 - INFO - Fetching template listing page 5 (Attempt 1/3)
2024-12-16 16:52:06,532 - INFO - Found 40 templates on page 5
2024-12-16 16:52:06,532 - INFO - Found 40 templates on page 5
2024-12-16 16:52:12,552 - INFO - Fetching template listing page 6 (Attempt 1/3)
2024-12-16 16:52:12,853 - INFO - Found 40 templates on page 6
2024-12-16 16:52:12,853 - INFO - Found 40 templates on page 6
2024-12-16 16:52:18,872 - INFO - Fetching template listing page 7 (Attempt 1/3)
2024-12-16 16:52:19,126 - INFO - Found 40 templates on page 7
2024-12-16 16:52:19,127 - INFO - Found 40 templates on page 7
2024-12-16 16:52:25,136 - INFO - Fetching template listing page 8 (Attempt 1/3)
2024-12-16 16:52:25,371 - INFO - Found 38 templates on page 8
2024-12-16 16:52:25,371 - INFO - Found 38 templates on page 8
2024-12-16 16:52:31,393 - INFO - Fetching template listing page 9 (Attempt 1/3)
2024-12-16 16:52:31,632 - INFO - Found 40 templates on page 9
2024-12-16 16:52:31,633 - INFO - Found 40 templates on page 9
2024-12-16 16:52:37,651 - INFO - Fetching template listing page 10 (Attempt 1/3)
2024-12-16 16:52:37,943 - INFO - Found 40 templates on page 10
2024-12-16 16:52:37,943 - INFO - Found 40 templates on page 10
2024-12-16 16:52:43,960 - INFO - Fetching template listing page 11 (Attempt 1/3)
2024-12-16 16:52:44,408 - INFO - Found 40 templates on page 11
2024-12-16 16:52:44,408 - INFO - Found 40 templates on page 11
2024-12-16 16:52:50,420 - INFO - Fetching template listing page 12 (Attempt 1/3)
2024-12-16 16:52:50,730 - INFO - Found 40 templates on page 12
2024-12-16 16:52:50,730 - INFO - Found 40 templates on page 12
2024-12-16 16:52:56,749 - INFO - Fetching template listing page 13 (Attempt 1/3)
2024-12-16 16:52:57,053 - INFO - Found 40 templates on page 13
2024-12-16 16:52:57,053 - INFO - Found 40 templates on page 13
2024-12-16 16:53:03,076 - INFO - Fetching template listing page 14 (Attempt 1/3)
2024-12-16 16:53:03,388 - INFO - Found 39 templates on page 14
2024-12-16 16:53:03,388 - INFO - Found 39 templates on page 14
2024-12-16 16:53:09,409 - INFO - Fetching template listing page 15 (Attempt 1/3)
2024-12-16 16:53:09,788 - INFO - Found 40 templates on page 15
2024-12-16 16:53:09,789 - INFO - Found 40 templates on page 15
2024-12-16 16:53:12,792 - INFO - Total templates to process: 597
2024-12-16 16:53:12,792 - INFO - Processing template 1/597: https://imgflip.com/meme/Theyre-The-Same-Picture
2024-12-16 16:53:12,792 - INFO - Processing template: https://imgflip.com/meme/Theyre-The-Same-Picture (Attempt 1/3)
2024-12-16 16:53:21,880 - INFO - Chrome WebDriver setup complete with SSL and stability fixes
2024-12-16 16:53:21,884 - INFO - Fetching meme: https://imgflip.com/meme/Theyre-The-Same-Picture
2024-12-16 16:53:25,236 - INFO - Successfully extracted 35 data points for Theyre The Same Picture
2024-12-16 16:53:25,236 - INFO - First data point: 2022-01-01 - 29000 captions
2024-12-16 16:53:25,237 - INFO - Last data point: 2024-11-01 - 24800 captions
2024-12-16 16:53:25,237 - INFO - Saved data for Theyre The Same Picture to data/meme_Theyre_The_Same_Picture_20241216_165325.json
2024-12-16 16:53:25,238 - INFO - Successfully processed Theyre The Same Picture
2024-12-16 16:53:27,392 - INFO - Updated data saved to data\meme_data_20241216_165137.json
2024-12-16 16:53:31,181 - INFO - Processing template 2/597: https://imgflip.com/meme/Drake-Hotline-Bling
2024-12-16 16:53:31,181 - INFO - Processing template: https://imgflip.com/meme/Drake-Hotline-Bling (Attempt 1/3)
2024-12-16 16:53:58,564 - INFO - Chrome WebDriver setup complete with SSL and stability fixes
2024-12-16 16:53:58,568 - INFO - Fetching meme: https://imgflip.com/meme/Drake-Hotline-Bling
2024-12-16 16:54:06,078 - INFO - Successfully extracted 35 data points for Drake Hotline Bling
2024-12-16 16:54:06,078 - INFO - First data point: 2022-01-01 - 149950 captions
2024-12-16 16:54:06,079 - INFO - Last data point: 2024-11-01 - 110000 captions
2024-12-16 16:54:06,080 - INFO - Saved data for Drake Hotline Bling to data/meme_Drake_Hotline_Bling_20241216_165406.json
2024-12-16 16:54:06,080 - INFO - Successfully processed Drake Hotline Bling
2024-12-16 16:54:08,200 - INFO - Updated data saved to data\meme_data_20241216_165137.json
2024-12-16 16:54:12,856 - INFO - Processing template 3/597: https://imgflip.com/meme/Epic-Handshake
2024-12-16 16:54:12,856 - INFO - Processing template: https://imgflip.com/meme/Epic-Handshake (Attempt 1/3)
2024-12-16 16:54:39,957 - INFO - Chrome WebDriver setup complete with SSL and stability fixes
2024-12-16 16:54:39,966 - INFO - Fetching meme: https://imgflip.com/meme/Epic-Handshake
2024-12-16 16:54:43,334 - DEBUG - Skipping invalid data point: [{}, 30050]. Error: strptime() argument 1 must be str, not dict
2024-12-16 16:54:43,334 - DEBUG - Skipping invalid data point: [{}, 27350]. Error: strptime() argument 1 must be str, not dict
2024-12-16 16:54:43,334 - DEBUG - Skipping invalid data point: [{}, 28850]. Error: strptime() argument 1 must be str, not dict
2024-12-16 16:54:43,334 - DEBUG - Skipping invalid data point: [{}, 28900]. Error: strptime() argument 1 must be str, not dict
2024-12-16 16:54:43,334 - DEBUG - Skipping invalid data point: [{}, 30450]. Error: strptime() argument 1 must be str, not dict
2024-12-16 16:54:43,334 - DEBUG - Skipping invalid data point: [{}, 25100]. Error: strptime() argument 1 must be str, not dict
2024-12-16 16:54:43,334 - DEBUG - Skipping invalid data point: [{}, 23650]. Error: strptime() argument 1 must be str, not dict
2024-12-16 16:54:43,334 - DEBUG - Skipping invalid data point: [{}, 25050]. Error: strptime() argument 1 must be str, not dict
2024-12-16 16:54:43,334 - DEBUG - Skipping invalid data point: [{}, 27450]. Error: strptime() argument 1 must be str, not dict
2024-12-16 16:54:43,334 - DEBUG - Skipping invalid data point: [{}, 29550]. Error: strptime() argument 1 must be str, not dict
2024-12-16 16:54:43,334 - DEBUG - Skipping invalid data point: [{}, 28000]. Error: strptime() argument 1 must be str, not dict
2024-12-16 16:54:43,334 - DEBUG - Skipping invalid data point: [{}, 27150]. Error: strptime() argument 1 must be str, not dict
2024-12-16 16:54:43,334 - DEBUG - Skipping invalid data point: [{}, 27200]. Error: strptime() argument 1 must be str, not dict
2024-12-16 16:54:43,334 - DEBUG - Skipping invalid data point: [{}, 26250]. Error: strptime() argument 1 must be str, not dict
2024-12-16 16:54:43,334 - DEBUG - Skipping invalid data point: [{}, 28850]. Error: strptime() argument 1 must be str, not dict
2024-12-16 16:54:43,334 - DEBUG - Skipping invalid data point: [{}, 26700]. Error: strptime() argument 1 must be str, not dict
2024-12-16 16:54:43,334 - DEBUG - Skipping invalid data point: [{}, 27750]. Error: strptime() argument 1 must be str, not dict
2024-12-16 16:54:43,334 - DEBUG - Skipping invalid data point: [{}, 24600]. Error: strptime() argument 1 must be str, not dict
2024-12-16 16:54:43,334 - DEBUG - Skipping invalid data point: [{}, 23850]. Error: strptime() argument 1 must be str, not dict
2024-12-16 16:54:43,334 - DEBUG - Skipping invalid data point: [{}, 23750]. Error: strptime() argument 1 must be str, not dict
2024-12-16 16:54:43,334 - DEBUG - Skipping invalid data point: [{}, 27900]. Error: strptime() argument 1 must be str, not dict
2024-12-16 16:54:43,334 - DEBUG - Skipping invalid data point: [{}, 28300]. Error: strptime() argument 1 must be str, not dict
2024-12-16 16:54:43,334 - DEBUG - Skipping invalid data point: [{}, 26500]. Error: strptime() argument 1 must be str, not dict
2024-12-16 16:54:43,334 - DEBUG - Skipping invalid data point: [{}, 24100]. Error: strptime() argument 1 must be str, not dict
2024-12-16 16:54:43,334 - DEBUG - Skipping invalid data point: [{}, 26200]. Error: strptime() argument 1 must be str, not dict
2024-12-16 16:54:43,334 - DEBUG - Skipping invalid data point: [{}, 24700]. Error: strptime() argument 1 must be str, not dict
2024-12-16 16:54:43,335 - DEBUG - Skipping invalid data point: [{}, 25350]. Error: strptime() argument 1 must be str, not dict
2024-12-16 16:54:43,335 - DEBUG - Skipping invalid data point: [{}, 26000]. Error: strptime() argument 1 must be str, not dict
2024-12-16 16:54:43,335 - DEBUG - Skipping invalid data point: [{}, 26250]. Error: strptime() argument 1 must be str, not dict
2024-12-16 16:54:43,335 - DEBUG - Skipping invalid data point: [{}, 22000]. Error: strptime() argument 1 must be str, not dict
2024-12-16 16:54:43,335 - DEBUG - Skipping invalid data point: [{}, 22000]. Error: strptime() argument 1 must be str, not dict
2024-12-16 16:54:43,335 - DEBUG - Skipping invalid data point: [{}, 23250]. Error: strptime() argument 1 must be str, not dict
2024-12-16 16:54:43,335 - DEBUG - Skipping invalid data point: [{}, 25800]. Error: strptime() argument 1 must be str, not dict
2024-12-16 16:54:43,335 - DEBUG - Skipping invalid data point: [{}, 27500]. Error: strptime() argument 1 must be str, not dict
2024-12-16 16:54:43,335 - DEBUG - Skipping invalid data point: [{}, 25700]. Error: strptime() argument 1 must be str, not dict
2024-12-16 16:54:43,335 - INFO - Saved data for Epic Handshake to data/meme_Epic_Handshake_20241216_165443.json
2024-12-16 16:54:43,336 - INFO - Successfully processed Epic Handshake
2024-12-16 16:54:45,449 - INFO - Updated data saved to data\meme_data_20241216_165137.json
2024-12-16 16:54:49,465 - INFO - Processing template 4/597: https://imgflip.com/meme/Bernie-I-Am-Once-Again-Asking-For-Your-Support
2024-12-16 16:54:49,465 - INFO - Processing template: https://imgflip.com/meme/Bernie-I-Am-Once-Again-Asking-For-Your-Support (Attempt 1/3)
2024-12-16 16:55:16,654 - INFO - Chrome WebDriver setup complete with SSL and stability fixes
2024-12-16 16:55:16,657 - INFO - Fetching meme: https://imgflip.com/meme/Bernie-I-Am-Once-Again-Asking-For-Your-Support
2024-12-16 16:55:24,184 - INFO - Successfully extracted 35 data points for Bernie I Am Once Again Asking For Your Support
2024-12-16 16:55:24,184 - INFO - First data point: 2022-01-01 - 40300 captions
2024-12-16 16:55:24,184 - INFO - Last data point: 2024-11-01 - 40200 captions
2024-12-16 16:55:24,185 - INFO - Saved data for Bernie I Am Once Again Asking For Your Support to data/meme_Bernie_I_Am_Once_Again_Asking_For_Your_Support_20241216_165524.json
2024-12-16 16:55:24,185 - INFO - Successfully processed Bernie I Am Once Again Asking For Your Support
2024-12-16 16:55:26,331 - INFO - Updated data saved to data\meme_data_20241216_165137.json
2024-12-16 16:55:29,977 - INFO - Processing template 5/597: https://imgflip.com/meme/Always-Has-Been
2024-12-16 16:55:29,977 - INFO - Processing template: https://imgflip.com/meme/Always-Has-Been (Attempt 1/3)
2024-12-16 16:55:57,355 - INFO - Chrome WebDriver setup complete with SSL and stability fixes
2024-12-16 16:55:57,360 - INFO - Fetching meme: https://imgflip.com/meme/Always-Has-Been
2024-12-16 16:56:00,820 - INFO - Successfully extracted 35 data points for Always Has Been
2024-12-16 16:56:00,821 - INFO - First data point: 2022-01-01 - 22400 captions
2024-12-16 16:56:00,821 - INFO - Last data point: 2024-11-01 - 23650 captions
2024-12-16 16:56:00,822 - INFO - Saved data for Always Has Been to data/meme_Always_Has_Been_20241216_165600.json
2024-12-16 16:56:00,822 - INFO - Successfully processed Always Has Been
2024-12-16 16:56:02,986 - INFO - Updated data saved to data\meme_data_20241216_165137.json
2024-12-16 16:56:07,880 - INFO - 
Progress Update:
2024-12-16 16:56:07,881 - INFO - Processed: 5/597 templates
2024-12-16 16:56:07,881 - INFO - Success: 5, Failed: 0
2024-12-16 16:56:07,882 - INFO - Processing template 6/597: https://imgflip.com/meme/Marked-Safe-From
2024-12-16 16:56:07,882 - INFO - Processing template: https://imgflip.com/meme/Marked-Safe-From (Attempt 1/3)
2024-12-16 16:56:35,206 - INFO - Chrome WebDriver setup complete with SSL and stability fixes
2024-12-16 16:56:35,210 - INFO - Fetching meme: https://imgflip.com/meme/Marked-Safe-From
2024-12-16 16:56:42,671 - INFO - Successfully extracted 35 data points for Marked Safe From
2024-12-16 16:56:42,671 - INFO - First data point: 2022-01-01 - 16350 captions
2024-12-16 16:56:42,671 - INFO - Last data point: 2024-11-01 - 25150 captions
2024-12-16 16:56:42,672 - INFO - Saved data for Marked Safe From to data/meme_Marked_Safe_From_20241216_165642.json
2024-12-16 16:56:42,672 - INFO - Successfully processed Marked Safe From
2024-12-16 16:56:44,784 - INFO - Updated data saved to data\meme_data_20241216_165137.json
2024-12-16 16:56:49,371 - INFO - Processing template 7/597: https://imgflip.com/meme/Expanding-Brain
2024-12-16 16:56:49,371 - INFO - Processing template: https://imgflip.com/meme/Expanding-Brain (Attempt 1/3)
2024-12-16 16:57:15,692 - INFO - Chrome WebDriver setup complete with SSL and stability fixes
2024-12-16 16:57:15,696 - INFO - Fetching meme: https://imgflip.com/meme/Expanding-Brain
2024-12-16 16:57:19,284 - DEBUG - Skipping invalid data point: [{}, 32500]. Error: strptime() argument 1 must be str, not dict
2024-12-16 16:57:19,284 - DEBUG - Skipping invalid data point: [{}, 29050]. Error: strptime() argument 1 must be str, not dict
2024-12-16 16:57:19,284 - DEBUG - Skipping invalid data point: [{}, 33000]. Error: strptime() argument 1 must be str, not dict
2024-12-16 16:57:19,284 - DEBUG - Skipping invalid data point: [{}, 28400]. Error: strptime() argument 1 must be str, not dict
2024-12-16 16:57:19,284 - DEBUG - Skipping invalid data point: [{}, 31550]. Error: strptime() argument 1 must be str, not dict
2024-12-16 16:57:19,284 - DEBUG - Skipping invalid data point: [{}, 25350]. Error: strptime() argument 1 must be str, not dict
2024-12-16 16:57:19,284 - DEBUG - Skipping invalid data point: [{}, 20800]. Error: strptime() argument 1 must be str, not dict
2024-12-16 16:57:19,284 - DEBUG - Skipping invalid data point: [{}, 22400]. Error: strptime() argument 1 must be str, not dict
2024-12-16 16:57:19,284 - DEBUG - Skipping invalid data point: [{}, 26050]. Error: strptime() argument 1 must be str, not dict
2024-12-16 16:57:19,284 - DEBUG - Skipping invalid data point: [{}, 28000]. Error: strptime() argument 1 must be str, not dict
2024-12-16 16:57:19,284 - DEBUG - Skipping invalid data point: [{}, 26150]. Error: strptime() argument 1 must be str, not dict
2024-12-16 16:57:19,284 - DEBUG - Skipping invalid data point: [{}, 22700]. Error: strptime() argument 1 must be str, not dict
2024-12-16 16:57:19,284 - DEBUG - Skipping invalid data point: [{}, 24050]. Error: strptime() argument 1 must be str, not dict
2024-12-16 16:57:19,284 - DEBUG - Skipping invalid data point: [{}, 23050]. Error: strptime() argument 1 must be str, not dict
2024-12-16 16:57:19,285 - DEBUG - Skipping invalid data point: [{}, 25750]. Error: strptime() argument 1 must be str, not dict
2024-12-16 16:57:19,285 - DEBUG - Skipping invalid data point: [{}, 20900]. Error: strptime() argument 1 must be str, not dict
2024-12-16 16:57:19,285 - DEBUG - Skipping invalid data point: [{}, 25400]. Error: strptime() argument 1 must be str, not dict
2024-12-16 16:57:19,285 - DEBUG - Skipping invalid data point: [{}, 19650]. Error: strptime() argument 1 must be str, not dict
2024-12-16 16:57:19,285 - DEBUG - Skipping invalid data point: [{}, 18000]. Error: strptime() argument 1 must be str, not dict
2024-12-16 16:57:19,285 - DEBUG - Skipping invalid data point: [{}, 18050]. Error: strptime() argument 1 must be str, not dict
2024-12-16 16:57:19,285 - DEBUG - Skipping invalid data point: [{}, 20100]. Error: strptime() argument 1 must be str, not dict
2024-12-16 16:57:19,285 - DEBUG - Skipping invalid data point: [{}, 19850]. Error: strptime() argument 1 must be str, not dict
2024-12-16 16:57:19,285 - DEBUG - Skipping invalid data point: [{}, 18450]. Error: strptime() argument 1 must be str, not dict
2024-12-16 16:57:19,285 - DEBUG - Skipping invalid data point: [{}, 16100]. Error: strptime() argument 1 must be str, not dict
2024-12-16 16:57:19,285 - DEBUG - Skipping invalid data point: [{}, 17400]. Error: strptime() argument 1 must be str, not dict
2024-12-16 16:57:19,285 - DEBUG - Skipping invalid data point: [{}, 16750]. Error: strptime() argument 1 must be str, not dict
2024-12-16 16:57:19,285 - DEBUG - Skipping invalid data point: [{}, 23950]. Error: strptime() argument 1 must be str, not dict
2024-12-16 16:57:19,285 - DEBUG - Skipping invalid data point: [{}, 17550]. Error: strptime() argument 1 must be str, not dict
2024-12-16 16:57:19,285 - DEBUG - Skipping invalid data point: [{}, 17800]. Error: strptime() argument 1 must be str, not dict
2024-12-16 16:57:19,285 - DEBUG - Skipping invalid data point: [{}, 15750]. Error: strptime() argument 1 must be str, not dict
2024-12-16 16:57:19,285 - DEBUG - Skipping invalid data point: [{}, 13650]. Error: strptime() argument 1 must be str, not dict
2024-12-16 16:57:19,285 - DEBUG - Skipping invalid data point: [{}, 15750]. Error: strptime() argument 1 must be str, not dict
2024-12-16 16:57:19,285 - DEBUG - Skipping invalid data point: [{}, 16100]. Error: strptime() argument 1 must be str, not dict
2024-12-16 16:57:19,286 - DEBUG - Skipping invalid data point: [{}, 17600]. Error: strptime() argument 1 must be str, not dict
2024-12-16 16:57:19,286 - DEBUG - Skipping invalid data point: [{}, 16800]. Error: strptime() argument 1 must be str, not dict
2024-12-16 16:57:19,286 - INFO - Saved data for Expanding Brain to data/meme_Expanding_Brain_20241216_165719.json
2024-12-16 16:57:19,287 - INFO - Successfully processed Expanding Brain
2024-12-16 16:57:21,378 - INFO - Updated data saved to data\meme_data_20241216_165137.json
2024-12-16 16:57:26,332 - INFO - Processing template 8/597: https://imgflip.com/meme/Distracted-Boyfriend
2024-12-16 16:57:26,333 - INFO - Processing template: https://imgflip.com/meme/Distracted-Boyfriend (Attempt 1/3)
2024-12-16 16:57:53,613 - INFO - Chrome WebDriver setup complete with SSL and stability fixes
2024-12-16 16:57:53,619 - INFO - Fetching meme: https://imgflip.com/meme/Distracted-Boyfriend
2024-12-16 16:57:57,344 - DEBUG - Skipping invalid data point: [{}, 89300]. Error: strptime() argument 1 must be str, not dict
2024-12-16 16:57:57,344 - DEBUG - Skipping invalid data point: [{}, 82700]. Error: strptime() argument 1 must be str, not dict
2024-12-16 16:57:57,344 - DEBUG - Skipping invalid data point: [{}, 88650]. Error: strptime() argument 1 must be str, not dict
2024-12-16 16:57:57,344 - DEBUG - Skipping invalid data point: [{}, 77450]. Error: strptime() argument 1 must be str, not dict
2024-12-16 16:57:57,344 - DEBUG - Skipping invalid data point: [{}, 82850]. Error: strptime() argument 1 must be str, not dict
2024-12-16 16:57:57,344 - DEBUG - Skipping invalid data point: [{}, 67100]. Error: strptime() argument 1 must be str, not dict
2024-12-16 16:57:57,344 - DEBUG - Skipping invalid data point: [{}, 62450]. Error: strptime() argument 1 must be str, not dict
2024-12-16 16:57:57,344 - DEBUG - Skipping invalid data point: [{}, 67950]. Error: strptime() argument 1 must be str, not dict
2024-12-16 16:57:57,344 - DEBUG - Skipping invalid data point: [{}, 74100]. Error: strptime() argument 1 must be str, not dict
2024-12-16 16:57:57,344 - DEBUG - Skipping invalid data point: [{}, 76200]. Error: strptime() argument 1 must be str, not dict
2024-12-16 16:57:57,344 - DEBUG - Skipping invalid data point: [{}, 75050]. Error: strptime() argument 1 must be str, not dict
2024-12-16 16:57:57,344 - DEBUG - Skipping invalid data point: [{}, 66700]. Error: strptime() argument 1 must be str, not dict
2024-12-16 16:57:57,344 - DEBUG - Skipping invalid data point: [{}, 72200]. Error: strptime() argument 1 must be str, not dict
2024-12-16 16:57:57,344 - DEBUG - Skipping invalid data point: [{}, 72100]. Error: strptime() argument 1 must be str, not dict
2024-12-16 16:57:57,344 - DEBUG - Skipping invalid data point: [{}, 81600]. Error: strptime() argument 1 must be str, not dict
2024-12-16 16:57:57,344 - DEBUG - Skipping invalid data point: [{}, 70100]. Error: strptime() argument 1 must be str, not dict
2024-12-16 16:57:57,344 - DEBUG - Skipping invalid data point: [{}, 77250]. Error: strptime() argument 1 must be str, not dict
2024-12-16 16:57:57,344 - DEBUG - Skipping invalid data point: [{}, 66450]. Error: strptime() argument 1 must be str, not dict
2024-12-16 16:57:57,344 - DEBUG - Skipping invalid data point: [{}, 59800]. Error: strptime() argument 1 must be str, not dict
2024-12-16 16:57:57,344 - DEBUG - Skipping invalid data point: [{}, 60850]. Error: strptime() argument 1 must be str, not dict
2024-12-16 16:57:57,344 - DEBUG - Skipping invalid data point: [{}, 66550]. Error: strptime() argument 1 must be str, not dict
2024-12-16 16:57:57,344 - DEBUG - Skipping invalid data point: [{}, 70200]. Error: strptime() argument 1 must be str, not dict
2024-12-16 16:57:57,344 - DEBUG - Skipping invalid data point: [{}, 69300]. Error: strptime() argument 1 must be str, not dict
2024-12-16 16:57:57,344 - DEBUG - Skipping invalid data point: [{}, 58750]. Error: strptime() argument 1 must be str, not dict
2024-12-16 16:57:57,344 - DEBUG - Skipping invalid data point: [{}, 62150]. Error: strptime() argument 1 must be str, not dict
2024-12-16 16:57:57,345 - DEBUG - Skipping invalid data point: [{}, 64600]. Error: strptime() argument 1 must be str, not dict
2024-12-16 16:57:57,345 - DEBUG - Skipping invalid data point: [{}, 67800]. Error: strptime() argument 1 must be str, not dict
2024-12-16 16:57:57,345 - DEBUG - Skipping invalid data point: [{}, 63800]. Error: strptime() argument 1 must be str, not dict
2024-12-16 16:57:57,345 - DEBUG - Skipping invalid data point: [{}, 62950]. Error: strptime() argument 1 must be str, not dict
2024-12-16 16:57:57,345 - DEBUG - Skipping invalid data point: [{}, 54500]. Error: strptime() argument 1 must be str, not dict
2024-12-16 16:57:57,345 - DEBUG - Skipping invalid data point: [{}, 51050]. Error: strptime() argument 1 must be str, not dict
2024-12-16 16:57:57,345 - DEBUG - Skipping invalid data point: [{}, 53250]. Error: strptime() argument 1 must be str, not dict
2024-12-16 16:57:57,345 - DEBUG - Skipping invalid data point: [{}, 58550]. Error: strptime() argument 1 must be str, not dict
2024-12-16 16:57:57,345 - DEBUG - Skipping invalid data point: [{}, 64450]. Error: strptime() argument 1 must be str, not dict
2024-12-16 16:57:57,345 - DEBUG - Skipping invalid data point: [{}, 60750]. Error: strptime() argument 1 must be str, not dict
2024-12-16 16:58:01,432 - INFO - Saved data for Distracted Boyfriend to data/meme_Distracted_Boyfriend_20241216_165757.json
2024-12-16 16:58:01,433 - INFO - Successfully processed Distracted Boyfriend
2024-12-16 16:58:03,528 - INFO - Updated data saved to data\meme_data_20241216_165137.json
2024-12-16 16:58:08,115 - INFO - Processing template 9/597: https://imgflip.com/meme/Disaster-Girl
2024-12-16 16:58:08,115 - INFO - Processing template: https://imgflip.com/meme/Disaster-Girl (Attempt 1/3)
2024-12-16 16:58:34,612 - INFO - Chrome WebDriver setup complete with SSL and stability fixes
2024-12-16 16:58:34,615 - INFO - Fetching meme: https://imgflip.com/meme/Disaster-Girl
2024-12-16 16:58:38,243 - DEBUG - Skipping invalid data point: [{}, 31050]. Error: strptime() argument 1 must be str, not dict
2024-12-16 16:58:38,244 - DEBUG - Skipping invalid data point: [{}, 28500]. Error: strptime() argument 1 must be str, not dict
2024-12-16 16:58:38,244 - DEBUG - Skipping invalid data point: [{}, 31200]. Error: strptime() argument 1 must be str, not dict
2024-12-16 16:58:38,244 - DEBUG - Skipping invalid data point: [{}, 28250]. Error: strptime() argument 1 must be str, not dict
2024-12-16 16:58:38,244 - DEBUG - Skipping invalid data point: [{}, 31400]. Error: strptime() argument 1 must be str, not dict
2024-12-16 16:58:38,244 - DEBUG - Skipping invalid data point: [{}, 23900]. Error: strptime() argument 1 must be str, not dict
2024-12-16 16:58:38,244 - DEBUG - Skipping invalid data point: [{}, 19400]. Error: strptime() argument 1 must be str, not dict
2024-12-16 16:58:38,244 - DEBUG - Skipping invalid data point: [{}, 21400]. Error: strptime() argument 1 must be str, not dict
2024-12-16 16:58:38,244 - DEBUG - Skipping invalid data point: [{}, 24350]. Error: strptime() argument 1 must be str, not dict
2024-12-16 16:58:38,244 - DEBUG - Skipping invalid data point: [{}, 26800]. Error: strptime() argument 1 must be str, not dict
2024-12-16 16:58:38,244 - DEBUG - Skipping invalid data point: [{}, 29400]. Error: strptime() argument 1 must be str, not dict
2024-12-16 16:58:38,244 - DEBUG - Skipping invalid data point: [{}, 26100]. Error: strptime() argument 1 must be str, not dict
2024-12-16 16:58:38,244 - DEBUG - Skipping invalid data point: [{}, 27450]. Error: strptime() argument 1 must be str, not dict
2024-12-16 16:58:38,244 - DEBUG - Skipping invalid data point: [{}, 27100]. Error: strptime() argument 1 must be str, not dict
2024-12-16 16:58:38,244 - DEBUG - Skipping invalid data point: [{}, 33000]. Error: strptime() argument 1 must be str, not dict
2024-12-16 16:58:38,244 - DEBUG - Skipping invalid data point: [{}, 26550]. Error: strptime() argument 1 must be str, not dict
2024-12-16 16:58:38,244 - DEBUG - Skipping invalid data point: [{}, 30600]. Error: strptime() argument 1 must be str, not dict
2024-12-16 16:58:38,244 - DEBUG - Skipping invalid data point: [{}, 25800]. Error: strptime() argument 1 must be str, not dict
2024-12-16 16:58:38,244 - DEBUG - Skipping invalid data point: [{}, 18600]. Error: strptime() argument 1 must be str, not dict
2024-12-16 16:58:38,244 - DEBUG - Skipping invalid data point: [{}, 19100]. Error: strptime() argument 1 must be str, not dict
2024-12-16 16:58:38,244 - DEBUG - Skipping invalid data point: [{}, 22450]. Error: strptime() argument 1 must be str, not dict
2024-12-16 16:58:38,244 - DEBUG - Skipping invalid data point: [{}, 25800]. Error: strptime() argument 1 must be str, not dict
2024-12-16 16:58:38,244 - DEBUG - Skipping invalid data point: [{}, 25200]. Error: strptime() argument 1 must be str, not dict
2024-12-16 16:58:38,244 - DEBUG - Skipping invalid data point: [{}, 21750]. Error: strptime() argument 1 must be str, not dict
2024-12-16 16:58:38,244 - DEBUG - Skipping invalid data point: [{}, 22550]. Error: strptime() argument 1 must be str, not dict
2024-12-16 16:58:38,244 - DEBUG - Skipping invalid data point: [{}, 24650]. Error: strptime() argument 1 must be str, not dict
2024-12-16 16:58:38,244 - DEBUG - Skipping invalid data point: [{}, 24900]. Error: strptime() argument 1 must be str, not dict
2024-12-16 16:58:38,244 - DEBUG - Skipping invalid data point: [{}, 25150]. Error: strptime() argument 1 must be str, not dict
2024-12-16 16:58:38,244 - DEBUG - Skipping invalid data point: [{}, 26150]. Error: strptime() argument 1 must be str, not dict
2024-12-16 16:58:38,244 - DEBUG - Skipping invalid data point: [{}, 21300]. Error: strptime() argument 1 must be str, not dict
2024-12-16 16:58:38,244 - DEBUG - Skipping invalid data point: [{}, 17550]. Error: strptime() argument 1 must be str, not dict
2024-12-16 16:58:38,244 - DEBUG - Skipping invalid data point: [{}, 17650]. Error: strptime() argument 1 must be str, not dict
2024-12-16 16:58:38,244 - DEBUG - Skipping invalid data point: [{}, 26700]. Error: strptime() argument 1 must be str, not dict
2024-12-16 16:58:38,244 - DEBUG - Skipping invalid data point: [{}, 31100]. Error: strptime() argument 1 must be str, not dict
2024-12-16 16:58:38,244 - DEBUG - Skipping invalid data point: [{}, 28500]. Error: strptime() argument 1 must be str, not dict
2024-12-16 16:58:38,245 - INFO - Saved data for Disaster Girl to data/meme_Disaster_Girl_20241216_165838.json
2024-12-16 16:58:38,245 - INFO - Successfully processed Disaster Girl
2024-12-16 16:58:40,353 - INFO - Updated data saved to data\meme_data_20241216_165137.json
2024-12-16 16:58:44,292 - INFO - Processing template 10/597: https://imgflip.com/meme/Mocking-Spongebob
2024-12-16 16:58:44,292 - INFO - Processing template: https://imgflip.com/meme/Mocking-Spongebob (Attempt 1/3)
2024-12-16 16:59:10,946 - INFO - Chrome WebDriver setup complete with SSL and stability fixes
2024-12-16 16:59:10,949 - INFO - Fetching meme: https://imgflip.com/meme/Mocking-Spongebob
2024-12-16 16:59:14,390 - DEBUG - Skipping invalid data point: [{}, 21100]. Error: strptime() argument 1 must be str, not dict
2024-12-16 16:59:14,390 - DEBUG - Skipping invalid data point: [{}, 19650]. Error: strptime() argument 1 must be str, not dict
2024-12-16 16:59:14,390 - DEBUG - Skipping invalid data point: [{}, 21550]. Error: strptime() argument 1 must be str, not dict
2024-12-16 16:59:14,390 - DEBUG - Skipping invalid data point: [{}, 19500]. Error: strptime() argument 1 must be str, not dict
2024-12-16 16:59:14,390 - DEBUG - Skipping invalid data point: [{}, 20800]. Error: strptime() argument 1 must be str, not dict
2024-12-16 16:59:14,390 - DEBUG - Skipping invalid data point: [{}, 18050]. Error: strptime() argument 1 must be str, not dict
2024-12-16 16:59:14,390 - DEBUG - Skipping invalid data point: [{}, 15750]. Error: strptime() argument 1 must be str, not dict
2024-12-16 16:59:14,390 - DEBUG - Skipping invalid data point: [{}, 17100]. Error: strptime() argument 1 must be str, not dict
2024-12-16 16:59:14,390 - DEBUG - Skipping invalid data point: [{}, 18450]. Error: strptime() argument 1 must be str, not dict
2024-12-16 16:59:14,390 - DEBUG - Skipping invalid data point: [{}, 17750]. Error: strptime() argument 1 must be str, not dict
2024-12-16 16:59:14,390 - DEBUG - Skipping invalid data point: [{}, 17750]. Error: strptime() argument 1 must be str, not dict
2024-12-16 16:59:14,390 - DEBUG - Skipping invalid data point: [{}, 15300]. Error: strptime() argument 1 must be str, not dict
2024-12-16 16:59:14,390 - DEBUG - Skipping invalid data point: [{}, 18650]. Error: strptime() argument 1 must be str, not dict
2024-12-16 16:59:14,390 - DEBUG - Skipping invalid data point: [{}, 16300]. Error: strptime() argument 1 must be str, not dict
2024-12-16 16:59:14,390 - DEBUG - Skipping invalid data point: [{}, 19100]. Error: strptime() argument 1 must be str, not dict
2024-12-16 16:59:14,390 - DEBUG - Skipping invalid data point: [{}, 16450]. Error: strptime() argument 1 must be str, not dict
2024-12-16 16:59:14,390 - DEBUG - Skipping invalid data point: [{}, 18750]. Error: strptime() argument 1 must be str, not dict
2024-12-16 16:59:14,390 - DEBUG - Skipping invalid data point: [{}, 19250]. Error: strptime() argument 1 must be str, not dict
2024-12-16 16:59:14,390 - DEBUG - Skipping invalid data point: [{}, 16850]. Error: strptime() argument 1 must be str, not dict
2024-12-16 16:59:14,390 - DEBUG - Skipping invalid data point: [{}, 18200]. Error: strptime() argument 1 must be str, not dict
2024-12-16 16:59:14,390 - DEBUG - Skipping invalid data point: [{}, 20700]. Error: strptime() argument 1 must be str, not dict
2024-12-16 16:59:14,390 - DEBUG - Skipping invalid data point: [{}, 19950]. Error: strptime() argument 1 must be str, not dict
2024-12-16 16:59:14,390 - DEBUG - Skipping invalid data point: [{}, 17450]. Error: strptime() argument 1 must be str, not dict
2024-12-16 16:59:14,390 - DEBUG - Skipping invalid data point: [{}, 15050]. Error: strptime() argument 1 must be str, not dict
2024-12-16 16:59:14,390 - DEBUG - Skipping invalid data point: [{}, 15500]. Error: strptime() argument 1 must be str, not dict
2024-12-16 16:59:14,390 - DEBUG - Skipping invalid data point: [{}, 16550]. Error: strptime() argument 1 must be str, not dict
2024-12-16 16:59:14,390 - DEBUG - Skipping invalid data point: [{}, 22800]. Error: strptime() argument 1 must be str, not dict
2024-12-16 16:59:14,390 - DEBUG - Skipping invalid data point: [{}, 16700]. Error: strptime() argument 1 must be str, not dict
2024-12-16 16:59:14,391 - DEBUG - Skipping invalid data point: [{}, 20400]. Error: strptime() argument 1 must be str, not dict
2024-12-16 16:59:14,391 - DEBUG - Skipping invalid data point: [{}, 21550]. Error: strptime() argument 1 must be str, not dict
2024-12-16 16:59:14,391 - DEBUG - Skipping invalid data point: [{}, 20600]. Error: strptime() argument 1 must be str, not dict
2024-12-16 16:59:14,391 - DEBUG - Skipping invalid data point: [{}, 17200]. Error: strptime() argument 1 must be str, not dict
2024-12-16 16:59:14,391 - DEBUG - Skipping invalid data point: [{}, 17200]. Error: strptime() argument 1 must be str, not dict
2024-12-16 16:59:14,391 - DEBUG - Skipping invalid data point: [{}, 17000]. Error: strptime() argument 1 must be str, not dict
2024-12-16 16:59:14,391 - DEBUG - Skipping invalid data point: [{}, 17850]. Error: strptime() argument 1 must be str, not dict
2024-12-16 16:59:14,391 - INFO - Saved data for Mocking Spongebob to data/meme_Mocking_Spongebob_20241216_165914.json
2024-12-16 16:59:14,391 - INFO - Successfully processed Mocking Spongebob
2024-12-16 16:59:16,494 - INFO - Updated data saved to data\meme_data_20241216_165137.json
2024-12-16 16:59:21,007 - INFO - 
Progress Update:
2024-12-16 16:59:21,007 - INFO - Processed: 10/597 templates
2024-12-16 16:59:21,008 - INFO - Success: 10, Failed: 0
2024-12-16 16:59:21,008 - INFO - Processing template 11/597: https://imgflip.com/meme/Running-Away-Balloon
2024-12-16 16:59:21,009 - INFO - Processing template: https://imgflip.com/meme/Running-Away-Balloon (Attempt 1/3)
2024-12-16 16:59:47,248 - INFO - Chrome WebDriver setup complete with SSL and stability fixes
2024-12-16 16:59:47,252 - INFO - Fetching meme: https://imgflip.com/meme/Running-Away-Balloon
2024-12-16 16:59:58,826 - DEBUG - Skipping invalid data point: [{}, 67950]. Error: strptime() argument 1 must be str, not dict
2024-12-16 16:59:58,826 - DEBUG - Skipping invalid data point: [{}, 62850]. Error: strptime() argument 1 must be str, not dict
2024-12-16 16:59:58,826 - DEBUG - Skipping invalid data point: [{}, 70600]. Error: strptime() argument 1 must be str, not dict
2024-12-16 16:59:58,826 - DEBUG - Skipping invalid data point: [{}, 60550]. Error: strptime() argument 1 must be str, not dict
2024-12-16 16:59:58,826 - DEBUG - Skipping invalid data point: [{}, 66500]. Error: strptime() argument 1 must be str, not dict
2024-12-16 16:59:58,826 - DEBUG - Skipping invalid data point: [{}, 51800]. Error: strptime() argument 1 must be str, not dict
2024-12-16 16:59:58,826 - DEBUG - Skipping invalid data point: [{}, 45450]. Error: strptime() argument 1 must be str, not dict
2024-12-16 16:59:58,826 - DEBUG - Skipping invalid data point: [{}, 51250]. Error: strptime() argument 1 must be str, not dict
2024-12-16 16:59:58,826 - DEBUG - Skipping invalid data point: [{}, 55900]. Error: strptime() argument 1 must be str, not dict
2024-12-16 16:59:58,826 - DEBUG - Skipping invalid data point: [{}, 57600]. Error: strptime() argument 1 must be str, not dict
2024-12-16 16:59:58,826 - DEBUG - Skipping invalid data point: [{}, 58300]. Error: strptime() argument 1 must be str, not dict
2024-12-16 16:59:58,826 - DEBUG - Skipping invalid data point: [{}, 52450]. Error: strptime() argument 1 must be str, not dict
2024-12-16 16:59:58,826 - DEBUG - Skipping invalid data point: [{}, 57850]. Error: strptime() argument 1 must be str, not dict
2024-12-16 16:59:58,826 - DEBUG - Skipping invalid data point: [{}, 55500]. Error: strptime() argument 1 must be str, not dict
2024-12-16 16:59:58,826 - DEBUG - Skipping invalid data point: [{}, 63050]. Error: strptime() argument 1 must be str, not dict
2024-12-16 16:59:58,826 - DEBUG - Skipping invalid data point: [{}, 52100]. Error: strptime() argument 1 must be str, not dict
2024-12-16 16:59:58,826 - DEBUG - Skipping invalid data point: [{}, 58950]. Error: strptime() argument 1 must be str, not dict
2024-12-16 16:59:58,826 - DEBUG - Skipping invalid data point: [{}, 47900]. Error: strptime() argument 1 must be str, not dict
2024-12-16 16:59:58,826 - DEBUG - Skipping invalid data point: [{}, 40950]. Error: strptime() argument 1 must be str, not dict
2024-12-16 16:59:58,826 - DEBUG - Skipping invalid data point: [{}, 44800]. Error: strptime() argument 1 must be str, not dict
2024-12-16 16:59:58,826 - DEBUG - Skipping invalid data point: [{}, 49850]. Error: strptime() argument 1 must be str, not dict
2024-12-16 16:59:58,826 - DEBUG - Skipping invalid data point: [{}, 49550]. Error: strptime() argument 1 must be str, not dict
2024-12-16 16:59:58,826 - DEBUG - Skipping invalid data point: [{}, 48150]. Error: strptime() argument 1 must be str, not dict
2024-12-16 16:59:58,826 - DEBUG - Skipping invalid data point: [{}, 41750]. Error: strptime() argument 1 must be str, not dict
2024-12-16 16:59:58,826 - DEBUG - Skipping invalid data point: [{}, 43700]. Error: strptime() argument 1 must be str, not dict
2024-12-16 16:59:58,826 - DEBUG - Skipping invalid data point: [{}, 44800]. Error: strptime() argument 1 must be str, not dict
2024-12-16 16:59:58,826 - DEBUG - Skipping invalid data point: [{}, 47250]. Error: strptime() argument 1 must be str, not dict
2024-12-16 16:59:58,826 - DEBUG - Skipping invalid data point: [{}, 43850]. Error: strptime() argument 1 must be str, not dict
2024-12-16 16:59:58,827 - DEBUG - Skipping invalid data point: [{}, 45500]. Error: strptime() argument 1 must be str, not dict
2024-12-16 16:59:58,827 - DEBUG - Skipping invalid data point: [{}, 37750]. Error: strptime() argument 1 must be str, not dict
2024-12-16 16:59:58,827 - DEBUG - Skipping invalid data point: [{}, 34250]. Error: strptime() argument 1 must be str, not dict
2024-12-16 16:59:58,827 - DEBUG - Skipping invalid data point: [{}, 35250]. Error: strptime() argument 1 must be str, not dict
2024-12-16 16:59:58,827 - DEBUG - Skipping invalid data point: [{}, 39550]. Error: strptime() argument 1 must be str, not dict
2024-12-16 16:59:58,827 - DEBUG - Skipping invalid data point: [{}, 39400]. Error: strptime() argument 1 must be str, not dict
2024-12-16 16:59:58,827 - DEBUG - Skipping invalid data point: [{}, 36150]. Error: strptime() argument 1 must be str, not dict
2024-12-16 16:59:58,827 - INFO - Saved data for Running Away Balloon to data/meme_Running_Away_Balloon_20241216_165958.json
2024-12-16 16:59:58,827 - INFO - Successfully processed Running Away Balloon
2024-12-16 17:00:01,877 - INFO - Updated data saved to data\meme_data_20241216_165137.json
2024-12-16 17:00:06,379 - INFO - Processing template 12/597: https://imgflip.com/meme/Grus-Plan
2024-12-16 17:00:06,379 - INFO - Processing template: https://imgflip.com/meme/Grus-Plan (Attempt 1/3)
2024-12-16 17:00:33,177 - INFO - Chrome WebDriver setup complete with SSL and stability fixes
2024-12-16 17:00:33,182 - INFO - Fetching meme: https://imgflip.com/meme/Grus-Plan
2024-12-16 17:00:36,548 - INFO - Successfully extracted 35 data points for Grus Plan
2024-12-16 17:00:36,549 - INFO - First data point: 2022-01-01 - 48750 captions
2024-12-16 17:00:36,549 - INFO - Last data point: 2024-11-01 - 26200 captions
2024-12-16 17:00:36,549 - INFO - Saved data for Grus Plan to data/meme_Grus_Plan_20241216_170036.json
2024-12-16 17:00:36,550 - INFO - Successfully processed Grus Plan
2024-12-16 17:00:38,710 - INFO - Updated data saved to data\meme_data_20241216_165137.json
2024-12-16 17:00:42,468 - INFO - Processing template 13/597: https://imgflip.com/meme/Sad-Pablo-Escobar
2024-12-16 17:00:42,468 - INFO - Processing template: https://imgflip.com/meme/Sad-Pablo-Escobar (Attempt 1/3)
2024-12-16 17:01:10,203 - INFO - Chrome WebDriver setup complete with SSL and stability fixes
2024-12-16 17:01:10,207 - INFO - Fetching meme: https://imgflip.com/meme/Sad-Pablo-Escobar
2024-12-16 17:01:17,810 - INFO - Successfully extracted 35 data points for Sad Pablo Escobar
2024-12-16 17:01:17,811 - INFO - First data point: 2022-01-01 - 29600 captions
2024-12-16 17:01:17,811 - INFO - Last data point: 2024-11-01 - 25000 captions
2024-12-16 17:01:17,811 - INFO - Saved data for Sad Pablo Escobar to data/meme_Sad_Pablo_Escobar_20241216_170117.json
2024-12-16 17:01:17,812 - INFO - Successfully processed Sad Pablo Escobar
2024-12-16 17:01:19,924 - INFO - Updated data saved to data\meme_data_20241216_165137.json
