2024-12-16 17:02:04,745 - INFO - Logging setup complete. Log file: c:\Users\jakeb\VSCODE\FreshTok\imgflip\logs\scraper_20241216_170204.log
2024-12-16 17:02:06,383 - INFO - Chrome WebDriver setup complete with SSL and stability fixes
2024-12-16 17:02:09,397 - INFO - Fetching template listing page 1 (Attempt 1/3)
2024-12-16 17:02:09,788 - INFO - Found 40 templates on page 1
2024-12-16 17:02:09,789 - INFO - Found 40 templates on page 1
2024-12-16 17:02:15,805 - INFO - Fetching template listing page 2 (Attempt 1/3)
2024-12-16 17:02:16,249 - INFO - Found 40 templates on page 2
2024-12-16 17:02:16,250 - INFO - Found 40 templates on page 2
2024-12-16 17:02:22,272 - INFO - Fetching template listing page 3 (Attempt 1/3)
2024-12-16 17:02:22,547 - INFO - Found 40 templates on page 3
2024-12-16 17:02:22,548 - INFO - Found 40 templates on page 3
2024-12-16 17:02:28,564 - INFO - Fetching template listing page 4 (Attempt 1/3)
2024-12-16 17:02:28,847 - INFO - Found 40 templates on page 4
2024-12-16 17:02:28,848 - INFO - Found 40 templates on page 4
2024-12-16 17:02:34,863 - INFO - Fetching template listing page 5 (Attempt 1/3)
2024-12-16 17:02:35,153 - INFO - Found 40 templates on page 5
2024-12-16 17:02:35,153 - INFO - Found 40 templates on page 5
2024-12-16 17:02:41,180 - INFO - Fetching template listing page 6 (Attempt 1/3)
2024-12-16 17:02:41,466 - INFO - Found 40 templates on page 6
2024-12-16 17:02:41,466 - INFO - Found 40 templates on page 6
2024-12-16 17:02:47,478 - INFO - Fetching template listing page 7 (Attempt 1/3)
2024-12-16 17:02:47,841 - INFO - Found 40 templates on page 7
2024-12-16 17:02:47,842 - INFO - Found 40 templates on page 7
2024-12-16 17:02:53,872 - INFO - Fetching template listing page 8 (Attempt 1/3)
2024-12-16 17:02:54,129 - INFO - Found 38 templates on page 8
2024-12-16 17:02:54,129 - INFO - Found 38 templates on page 8
2024-12-16 17:03:00,152 - INFO - Fetching template listing page 9 (Attempt 1/3)
2024-12-16 17:03:00,460 - INFO - Found 40 templates on page 9
2024-12-16 17:03:00,461 - INFO - Found 40 templates on page 9
2024-12-16 17:03:06,463 - INFO - Fetching template listing page 10 (Attempt 1/3)
2024-12-16 17:03:06,755 - INFO - Found 40 templates on page 10
2024-12-16 17:03:06,756 - INFO - Found 40 templates on page 10
2024-12-16 17:03:12,777 - INFO - Fetching template listing page 11 (Attempt 1/3)
2024-12-16 17:03:13,080 - INFO - Found 40 templates on page 11
2024-12-16 17:03:13,081 - INFO - Found 40 templates on page 11
2024-12-16 17:03:19,096 - INFO - Fetching template listing page 12 (Attempt 1/3)
2024-12-16 17:03:19,369 - INFO - Found 40 templates on page 12
2024-12-16 17:03:19,370 - INFO - Found 40 templates on page 12
2024-12-16 17:03:25,377 - INFO - Fetching template listing page 13 (Attempt 1/3)
2024-12-16 17:03:25,624 - INFO - Found 40 templates on page 13
2024-12-16 17:03:25,624 - INFO - Found 40 templates on page 13
2024-12-16 17:03:31,626 - INFO - Fetching template listing page 14 (Attempt 1/3)
2024-12-16 17:03:32,035 - INFO - Found 39 templates on page 14
2024-12-16 17:03:32,035 - INFO - Found 39 templates on page 14
2024-12-16 17:03:38,047 - INFO - Fetching template listing page 15 (Attempt 1/3)
2024-12-16 17:03:38,318 - INFO - Found 40 templates on page 15
2024-12-16 17:03:38,318 - INFO - Found 40 templates on page 15
2024-12-16 17:03:41,326 - INFO - Total templates to process: 597
2024-12-16 17:03:41,326 - INFO - Processing template 1/597: https://imgflip.com/meme/Tuxedo-Winnie-The-Pooh
2024-12-16 17:03:41,326 - INFO - Processing template: https://imgflip.com/meme/Tuxedo-Winnie-The-Pooh (Attempt 1/3)
2024-12-16 17:03:51,169 - INFO - Chrome WebDriver setup complete with SSL and stability fixes
2024-12-16 17:03:51,174 - INFO - Fetching meme: https://imgflip.com/meme/Tuxedo-Winnie-The-Pooh
2024-12-16 17:03:54,645 - INFO - Successfully extracted 35 data points for Tuxedo Winnie The Pooh
2024-12-16 17:03:54,646 - INFO - First data point: 2022-01-01 - 27050 captions
2024-12-16 17:03:54,646 - INFO - Last data point: 2024-11-01 - 16950 captions
2024-12-16 17:03:54,647 - INFO - Saved data for Tuxedo Winnie The Pooh to data/meme_Tuxedo_Winnie_The_Pooh_20241216_170354.json
2024-12-16 17:03:54,647 - INFO - Successfully processed Tuxedo Winnie The Pooh
2024-12-16 17:03:56,757 - INFO - Updated data saved to data\meme_data_20241216_170206.json
2024-12-16 17:04:00,867 - INFO - Processing template 2/597: https://imgflip.com/meme/X-X-Everywhere
2024-12-16 17:04:00,868 - INFO - Processing template: https://imgflip.com/meme/X-X-Everywhere (Attempt 1/3)
2024-12-16 17:04:27,968 - INFO - Chrome WebDriver setup complete with SSL and stability fixes
2024-12-16 17:04:27,973 - INFO - Fetching meme: https://imgflip.com/meme/X-X-Everywhere
2024-12-16 17:04:35,433 - INFO - Successfully extracted 35 data points for X X Everywhere
2024-12-16 17:04:35,433 - INFO - First data point: 2022-01-01 - 20550 captions
2024-12-16 17:04:35,433 - INFO - Last data point: 2024-11-01 - 17250 captions
2024-12-16 17:04:35,434 - INFO - Saved data for X X Everywhere to data/meme_X_X_Everywhere_20241216_170435.json
2024-12-16 17:04:35,434 - INFO - Successfully processed X X Everywhere
2024-12-16 17:04:37,577 - INFO - Updated data saved to data\meme_data_20241216_170206.json
2024-12-16 17:04:41,332 - INFO - Processing template 3/597: https://imgflip.com/meme/Distracted-Boyfriend
2024-12-16 17:04:41,332 - INFO - Processing template: https://imgflip.com/meme/Distracted-Boyfriend (Attempt 1/3)
2024-12-16 17:05:08,028 - INFO - Chrome WebDriver setup complete with SSL and stability fixes
2024-12-16 17:05:08,033 - INFO - Fetching meme: https://imgflip.com/meme/Distracted-Boyfriend
2024-12-16 17:05:11,410 - INFO - Successfully extracted 35 data points for Distracted Boyfriend
2024-12-16 17:05:11,410 - INFO - First data point: 2022-01-01 - 89300 captions
2024-12-16 17:05:11,410 - INFO - Last data point: 2024-11-01 - 60750 captions
2024-12-16 17:05:11,411 - INFO - Saved data for Distracted Boyfriend to data/meme_Distracted_Boyfriend_20241216_170511.json
2024-12-16 17:05:11,411 - INFO - Successfully processed Distracted Boyfriend
2024-12-16 17:05:13,567 - INFO - Updated data saved to data\meme_data_20241216_170206.json
